Using pre-set license
Built from '2020.3/staging' branch; Version is '2020.3.6f1 (338bb68529b2) revision 3378102'; Using compiler version '192528614'; Build Type 'Release'
OS: 'Windows 10 Home Single Language; OS build 22509.1000; Version 2009; 64bit' Language: 'en' Physical Memory: 15789 MB
BatchMode: 1, IsHumanControllingUs: 0, StartBugReporterOnCrash: 0, Is64bit: 1, IsPro: 0

 COMMAND LINE ARGUMENTS:
D:\2020.3.6f1\Editor\Unity.exe
-adb2
-batchMode
-noUpm
-name
AssetImportWorker0
-projectPath
C:/Users/user/OneDrive/Documents/GitHub/A-2019610005
-logFile
Logs/AssetImportWorker0.log
-srvPort
49407
Successfully changed project path to: C:/Users/user/OneDrive/Documents/GitHub/A-2019610005
C:/Users/user/OneDrive/Documents/GitHub/A-2019610005
Using Asset Import Pipeline V2.
Refreshing native plugins compatible for Editor in 51.20 ms, found 0 plugins.
Preloading 0 native plugins for Editor in 0.00 ms.
Initialize engine version: 2020.3.6f1 (338bb68529b2)
[Subsystems] Discovering subsystems at path D:/2020.3.6f1/Editor/Data/Resources/UnitySubsystems
[Subsystems] Discovering subsystems at path C:/Users/user/OneDrive/Documents/GitHub/A-2019610005/Assets
GfxDevice: creating device client; threaded=0
Direct3D:
    Version:  Direct3D 11.0 [level 11.1]
    Renderer: NVIDIA GeForce RTX 2060 (ID=0x1f15)
    Vendor:   
    VRAM:     5980 MB
    Driver:   30.0.14.9676
Shader 'Enviro/Lite/SkyboxSimple': fallback shader 'None' not found
Shader 'Enviro/Standard/SkyboxSimple': fallback shader 'None' not found
Initialize mono
Mono path[0] = 'D:/2020.3.6f1/Editor/Data/Managed'
Mono path[1] = 'D:/2020.3.6f1/Editor/Data/MonoBleedingEdge/lib/mono/unityjit'
Mono config path = 'D:/2020.3.6f1/Editor/Data/MonoBleedingEdge/etc'
Using monoOptions --debugger-agent=transport=dt_socket,embedding=1,server=y,suspend=n,address=127.0.0.1:56084
Begin MonoManager ReloadAssembly
Registering precompiled unity dll's ...
Register platform support module: D:/2020.3.6f1/Editor/Data/PlaybackEngines/WindowsStandaloneSupport/UnityEditor.WindowsStandalone.Extensions.dll
Registered in 0.000735 seconds.
Native extension for WindowsStandalone target not found
Refreshing native plugins compatible for Editor in 54.99 ms, found 0 plugins.
Preloading 0 native plugins for Editor in 0.00 ms.
Mono: successfully reloaded assembly
- Completed reload, in  0.756 seconds
Platform modules already initialized, skipping
Registering precompiled user dll's ...
Registered in 0.002386 seconds.
Begin MonoManager ReloadAssembly
Native extension for WindowsStandalone target not found
Refreshing native plugins compatible for Editor in 50.46 ms, found 0 plugins.
Preloading 0 native plugins for Editor in 0.00 ms.
Mono: successfully reloaded assembly
- Completed reload, in  1.460 seconds
Platform modules already initialized, skipping
========================================================================
Worker process is ready to serve import requests
Shader 'Enviro/Standard/SkyboxSimple': fallback shader 'None' not found
Shader 'Enviro/Lite/SkyboxSimple': fallback shader 'None' not found
Launched and connected shader compiler UnityShaderCompiler.exe after 0.04 seconds
Refreshing native plugins compatible for Editor in 0.69 ms, found 0 plugins.
Preloading 0 native plugins for Editor in 0.00 ms.
Unloading 2217 Unused Serialized files (Serialized files now loaded: 0)
System memory in use before: 195.5 MB.
System memory in use after: 195.3 MB.

Unloading 16 unused Assets to reduce memory usage. Loaded Objects now: 2693.
Total: 3.267700 ms (FindLiveObjects: 0.282700 ms CreateObjectMapping: 0.053900 ms MarkObjects: 2.608200 ms  DeleteObjects: 0.321600 ms)

========================================================================
Received Import Request.
  path: Assets/Audio
  artifactKey: Guid(5cf34cff859aefb4baa051960c6e5f05) Importer(815301076,1909f56bfc062723c751e8b465ee728b)
Start importing Assets/Audio using Guid(5cf34cff859aefb4baa051960c6e5f05) Importer(815301076,1909f56bfc062723c751e8b465ee728b)  -> (artifact id: 'fe0215c6c7eab2b4a1ca40d787134e78') in 0.013411 seconds
  Import took 0.017369 seconds .

========================================================================
Received Prepare
Shader 'Enviro/Standard/SkyboxSimple': fallback shader 'None' not found
Shader 'Enviro/Lite/SkyboxSimple': fallback shader 'None' not found
Refreshing native plugins compatible for Editor in 2.10 ms, found 0 plugins.
Preloading 0 native plugins for Editor in 0.00 ms.
Unloading 8 Unused Serialized files (Serialized files now loaded: 0)
System memory in use before: 143.2 MB.
System memory in use after: 143.0 MB.

Unloading 8 unused Assets to reduce memory usage. Loaded Objects now: 2693.
Total: 2.755200 ms (FindLiveObjects: 0.253100 ms CreateObjectMapping: 0.052800 ms MarkObjects: 2.116400 ms  DeleteObjects: 0.331400 ms)

========================================================================
Received Prepare
Registering precompiled user dll's ...
Registered in 0.002973 seconds.
Begin MonoManager ReloadAssembly
Native extension for WindowsStandalone target not found
Refreshing native plugins compatible for Editor in 0.61 ms, found 0 plugins.
Preloading 0 native plugins for Editor in 0.00 ms.
Mono: successfully reloaded assembly
- Completed reload, in  0.874 seconds
Platform modules already initialized, skipping
Shader 'Enviro/Standard/SkyboxSimple': fallback shader 'None' not found
Shader 'Enviro/Lite/SkyboxSimple': fallback shader 'None' not found
Refreshing native plugins compatible for Editor in 0.74 ms, found 0 plugins.
Preloading 0 native plugins for Editor in 0.00 ms.
Unloading 2105 Unused Serialized files (Serialized files now loaded: 0)
System memory in use before: 184.8 MB.
System memory in use after: 184.6 MB.

Unloading 11 unused Assets to reduce memory usage. Loaded Objects now: 2698.
Total: 3.000500 ms (FindLiveObjects: 0.316000 ms CreateObjectMapping: 0.106200 ms MarkObjects: 2.252400 ms  DeleteObjects: 0.324100 ms)

========================================================================
Received Import Request.
  Time since last request: 132.734214 seconds.
  path: Assets/Prefabs/Game Over.prefab
  artifactKey: Guid(8480cdcd7602ef843ae3908eb5cba53a) Importer(815301076,1909f56bfc062723c751e8b465ee728b)
Start importing Assets/Prefabs/Game Over.prefab using Guid(8480cdcd7602ef843ae3908eb5cba53a) Importer(815301076,1909f56bfc062723c751e8b465ee728b)  -> (artifact id: '0f8b77f27d8cd3491db2e858651bc8e0') in 0.088978 seconds
  Import took 0.093036 seconds .

========================================================================
Received Import Request.
  Time since last request: 262.927588 seconds.
  path: Assets/Standard Assets/2D/Sprites/RobotBoyRollSprite.png
  artifactKey: Guid(fc67a9002ed4034419f91d0d85bd6b24) Importer(815301076,1909f56bfc062723c751e8b465ee728b)
Start importing Assets/Standard Assets/2D/Sprites/RobotBoyRollSprite.png using Guid(fc67a9002ed4034419f91d0d85bd6b24) Importer(815301076,1909f56bfc062723c751e8b465ee728b)  -> (artifact id: 'a4497133783016fc569c2d18223af4e0') in 0.171708 seconds
  Import took 0.176382 seconds .

========================================================================
Received Import Request.
  Time since last request: 0.000314 seconds.
  path: Assets/Standard Assets/CrossPlatformInput/Sprites/SliderHandleSprite.png
  artifactKey: Guid(0626b924325d1c34cafa6b22297f4e4f) Importer(815301076,1909f56bfc062723c751e8b465ee728b)
Start importing Assets/Standard Assets/CrossPlatformInput/Sprites/SliderHandleSprite.png using Guid(0626b924325d1c34cafa6b22297f4e4f) Importer(815301076,1909f56bfc062723c751e8b465ee728b)  -> (artifact id: '1f31d02eb3a3d79f02761defcbec6e31') in 0.026048 seconds
  Import took 0.030225 seconds .

========================================================================
Received Import Request.
  Time since last request: 0.000288 seconds.
  path: Assets/Standard Assets/2D/Sprites/RobotBoyWalkSprite.png
  artifactKey: Guid(feda0c18015b3284cabbc0da85254f9a) Importer(815301076,1909f56bfc062723c751e8b465ee728b)
Start importing Assets/Standard Assets/2D/Sprites/RobotBoyWalkSprite.png using Guid(feda0c18015b3284cabbc0da85254f9a) Importer(815301076,1909f56bfc062723c751e8b465ee728b)  -> (artifact id: '54686395d8a4e70a158f2186f6b3c09a') in 0.123499 seconds
  Import took 0.127809 seconds .

========================================================================
Received Import Request.
  Time since last request: 0.000417 seconds.
  path: Assets/Standard Assets/CrossPlatformInput/Sprites/SliderBackgroundSprite.png
  artifactKey: Guid(ea5873cfd9158664f89459f0c9e1d853) Importer(815301076,1909f56bfc062723c751e8b465ee728b)
Start importing Assets/Standard Assets/CrossPlatformInput/Sprites/SliderBackgroundSprite.png using Guid(ea5873cfd9158664f89459f0c9e1d853) Importer(815301076,1909f56bfc062723c751e8b465ee728b)  -> (artifact id: '86d42fe6a10d5b2709b2fb8d6fffd9ea') in 0.026772 seconds
  Import took 0.031361 seconds .

========================================================================
Received Import Request.
  Time since last request: 0.000202 seconds.
  path: Assets/Standard Assets/CrossPlatformInput/Sprites/TouchpadSprite.png
  artifactKey: Guid(e4f1fee3de32377429fd1348fae62b10) Importer(815301076,1909f56bfc062723c751e8b465ee728b)
Start importing Assets/Standard Assets/CrossPlatformInput/Sprites/TouchpadSprite.png using Guid(e4f1fee3de32377429fd1348fae62b10) Importer(815301076,1909f56bfc062723c751e8b465ee728b)  -> (artifact id: 'c98315d7c8b902ac48f96a3ad8cc6ddf') in 0.032271 seconds
  Import took 0.036360 seconds .

========================================================================
Received Import Request.
  Time since last request: 0.000197 seconds.
  path: Assets/Standard Assets/2D/Sprites/RobotBoyRunSprite.png
  artifactKey: Guid(803baf1ea73913f46b25e07d0a79df22) Importer(815301076,1909f56bfc062723c751e8b465ee728b)
Start importing Assets/Standard Assets/2D/Sprites/RobotBoyRunSprite.png using Guid(803baf1ea73913f46b25e07d0a79df22) Importer(815301076,1909f56bfc062723c751e8b465ee728b)  -> (artifact id: '0d589e3b88d3514a9c835ba3d22e2538') in 0.107590 seconds
  Import took 0.111767 seconds .

========================================================================
Received Prepare
Registering precompiled user dll's ...
Registered in 0.002412 seconds.
Begin MonoManager ReloadAssembly
Native extension for WindowsStandalone target not found
Refreshing native plugins compatible for Editor in 0.59 ms, found 0 plugins.
Preloading 0 native plugins for Editor in 0.00 ms.
Mono: successfully reloaded assembly
- Completed reload, in  0.793 seconds
Platform modules already initialized, skipping
Shader 'Enviro/Standard/SkyboxSimple': fallback shader 'None' not found
Shader 'Enviro/Lite/SkyboxSimple': fallback shader 'None' not found
Refreshing native plugins compatible for Editor in 0.61 ms, found 0 plugins.
Preloading 0 native plugins for Editor in 0.00 ms.
Unloading 2105 Unused Serialized files (Serialized files now loaded: 0)
System memory in use before: 187.8 MB.
System memory in use after: 187.6 MB.

Unloading 12 unused Assets to reduce memory usage. Loaded Objects now: 2711.
Total: 2.521300 ms (FindLiveObjects: 0.311500 ms CreateObjectMapping: 0.089000 ms MarkObjects: 1.811800 ms  DeleteObjects: 0.307400 ms)

========================================================================
Received Prepare
Registering precompiled user dll's ...
Registered in 0.002920 seconds.
Begin MonoManager ReloadAssembly
Native extension for WindowsStandalone target not found
Refreshing native plugins compatible for Editor in 1.35 ms, found 0 plugins.
Preloading 0 native plugins for Editor in 0.00 ms.
Mono: successfully reloaded assembly
- Completed reload, in  0.976 seconds
Platform modules already initialized, skipping
Shader 'Enviro/Standard/SkyboxSimple': fallback shader 'None' not found
Shader 'Enviro/Lite/SkyboxSimple': fallback shader 'None' not found
Refreshing native plugins compatible for Editor in 1.22 ms, found 0 plugins.
Preloading 0 native plugins for Editor in 0.00 ms.
Unloading 2105 Unused Serialized files (Serialized files now loaded: 0)
System memory in use before: 187.9 MB.
System memory in use after: 187.6 MB.

Unloading 11 unused Assets to reduce memory usage. Loaded Objects now: 2716.
Total: 3.938800 ms (FindLiveObjects: 0.363600 ms CreateObjectMapping: 0.058200 ms MarkObjects: 2.818500 ms  DeleteObjects: 0.694900 ms)

========================================================================
Received Prepare
Registering precompiled user dll's ...
Registered in 0.004047 seconds.
Begin MonoManager ReloadAssembly
Native extension for WindowsStandalone target not found
Refreshing native plugins compatible for Editor in 0.91 ms, found 0 plugins.
Preloading 0 native plugins for Editor in 0.00 ms.
Mono: successfully reloaded assembly
- Completed reload, in  1.101 seconds
Platform modules already initialized, skipping
Shader 'Enviro/Standard/SkyboxSimple': fallback shader 'None' not found
Shader 'Enviro/Lite/SkyboxSimple': fallback shader 'None' not found
Refreshing native plugins compatible for Editor in 1.44 ms, found 0 plugins.
Preloading 0 native plugins for Editor in 0.00 ms.
Unloading 2105 Unused Serialized files (Serialized files now loaded: 0)
System memory in use before: 187.9 MB.
System memory in use after: 187.7 MB.

Unloading 11 unused Assets to reduce memory usage. Loaded Objects now: 2721.
Total: 6.158200 ms (FindLiveObjects: 0.487300 ms CreateObjectMapping: 0.083700 ms MarkObjects: 4.711900 ms  DeleteObjects: 0.872900 ms)

========================================================================
Received Import Request.
  Time since last request: 1027.458762 seconds.
  path: Assets/Scripts/SaveSystem.cs
  artifactKey: Guid(42f365d530daad94aa66c19f200ea359) Importer(815301076,1909f56bfc062723c751e8b465ee728b)
Start importing Assets/Scripts/SaveSystem.cs using Guid(42f365d530daad94aa66c19f200ea359) Importer(815301076,1909f56bfc062723c751e8b465ee728b)  -> (artifact id: '83fbfcb1e2d83b5c714b83736dac33ec') in 0.021649 seconds
  Import took 0.027074 seconds .

========================================================================
Received Import Request.
  Time since last request: 1.641601 seconds.
  path: Assets/Scripts/SceneLoader.cs
  artifactKey: Guid(6f48cda548c4306449804018d187dbc6) Importer(815301076,1909f56bfc062723c751e8b465ee728b)
Start importing Assets/Scripts/SceneLoader.cs using Guid(6f48cda548c4306449804018d187dbc6) Importer(815301076,1909f56bfc062723c751e8b465ee728b)  -> (artifact id: '733aa2a253ebb06ce8cce8068f9e64eb') in 0.012707 seconds
  Import took 0.017256 seconds .

========================================================================
Received Import Request.
  Time since last request: 2.532869 seconds.
  path: Assets/Scripts/obstacle.cs
  artifactKey: Guid(672bdd158dbed224abbebb2241d1c314) Importer(815301076,1909f56bfc062723c751e8b465ee728b)
Start importing Assets/Scripts/obstacle.cs using Guid(672bdd158dbed224abbebb2241d1c314) Importer(815301076,1909f56bfc062723c751e8b465ee728b)  -> (artifact id: '2afd5444c5beeaab8a71628ef151ad6a') in 0.012763 seconds
  Import took 0.018061 seconds .

========================================================================
Received Import Request.
  Time since last request: 6.661051 seconds.
  path: Assets/Scripts/sistem_darah.cs
  artifactKey: Guid(f654cf288c1e2644f97792194255a995) Importer(815301076,1909f56bfc062723c751e8b465ee728b)
Start importing Assets/Scripts/sistem_darah.cs using Guid(f654cf288c1e2644f97792194255a995) Importer(815301076,1909f56bfc062723c751e8b465ee728b)  -> (artifact id: 'e97589b3252daec7da83b81a7131f7e6') in 0.012999 seconds
  Import took 0.018270 seconds .

========================================================================
Received Import Request.
  Time since last request: 0.003853 seconds.
  path: Assets/Scripts/sistem_darah.cs
  artifactKey: Guid(f654cf288c1e2644f97792194255a995) Importer(815301076,1909f56bfc062723c751e8b465ee728b)
Start importing Assets/Scripts/sistem_darah.cs using Guid(f654cf288c1e2644f97792194255a995) Importer(815301076,1909f56bfc062723c751e8b465ee728b)  -> (artifact id: 'e97589b3252daec7da83b81a7131f7e6') in 0.003698 seconds
  Import took 0.007858 seconds .

========================================================================
Received Prepare
Registering precompiled user dll's ...
Registered in 0.003050 seconds.
Begin MonoManager ReloadAssembly
Native extension for WindowsStandalone target not found
Refreshing native plugins compatible for Editor in 1.75 ms, found 0 plugins.
Preloading 0 native plugins for Editor in 0.00 ms.
Mono: successfully reloaded assembly
- Completed reload, in  0.983 seconds
Platform modules already initialized, skipping
Shader 'Enviro/Standard/SkyboxSimple': fallback shader 'None' not found
Shader 'Enviro/Lite/SkyboxSimple': fallback shader 'None' not found
Refreshing native plugins compatible for Editor in 0.80 ms, found 0 plugins.
Preloading 0 native plugins for Editor in 0.00 ms.
Unloading 2105 Unused Serialized files (Serialized files now loaded: 0)
System memory in use before: 188.0 MB.
System memory in use after: 187.8 MB.

Unloading 11 unused Assets to reduce memory usage. Loaded Objects now: 2726.
Total: 3.922900 ms (FindLiveObjects: 0.692300 ms CreateObjectMapping: 0.091700 ms MarkObjects: 2.718500 ms  DeleteObjects: 0.417000 ms)

